c:\users\pc user\dropbox\ps3\vsh_hook\ps3_debug\cellprx_vsh_hook_stub.a
c:\users\pc user\dropbox\ps3\vsh_hook\ps3_debug\vsh_hook.sprx
c:\users\pcuser~1\appdata\local\temp\ps3ppuld247922\lib.ent.o
c:\users\pcuser~1\appdata\local\temp\ps3ppuld67642\lib.ent.o
c:\users\pcuser~1\appdata\local\temp\ps3ppuld221082\lib.ent.o
c:\users\pcuser~1\appdata\local\temp\ps3ppuld247922\vsh_hook
c:\users\pcuser~1\appdata\local\temp\ps3ppuld67642\vsh_hook
c:\users\pcuser~1\appdata\local\temp\ps3ppuld221082\vsh_hook
c:\users\pcuser~1\appdata\local\temp\ps3ppuld247922\lib.ent.s
c:\users\pcuser~1\appdata\local\temp\ps3ppuld67642\lib.ent.s
c:\users\pcuser~1\appdata\local\temp\ps3ppuld221082\lib.ent.s
c:\users\pc user\dropbox\ps3\vsh_hook\vsh_hook\ps3_debug\vsh_hook.o
c:\users\pc user\dropbox\ps3\vsh_hook\vsh_hook\ps3_debug\vsh_hook.d
c:\users\pc user\dropbox\ps3\vsh_hook\vsh_hook\ps3_debug\vsh_hook.write.1.tlog
c:\users\pc user\dropbox\ps3\vsh_hook\vsh_hook\ps3_debug\vsh_hook.tlog\ps3ppuld64-make_fself.read.1.tlog
c:\users\pc user\dropbox\ps3\vsh_hook\vsh_hook\ps3_debug\vsh_hook.tlog\ps3ppuld64-make_fself.write.1.tlog
c:\users\pc user\dropbox\ps3\vsh_hook\vsh_hook\ps3_debug\vsh_hook.tlog\ps3ppuld64-ppu-lv2-as.read.1.tlog
c:\users\pc user\dropbox\ps3\vsh_hook\vsh_hook\ps3_debug\vsh_hook.tlog\ps3ppuld64-ppu-lv2-as.write.1.tlog
c:\users\pc user\dropbox\ps3\vsh_hook\vsh_hook\ps3_debug\vsh_hook.tlog\ps3ppuld64-ppu-lv2-prx-fixup.read.1.tlog
c:\users\pc user\dropbox\ps3\vsh_hook\vsh_hook\ps3_debug\vsh_hook.tlog\ps3ppuld64-ppu-lv2-prx-fixup.write.1.tlog
c:\users\pc user\dropbox\ps3\vsh_hook\vsh_hook\ps3_debug\vsh_hook.tlog\ps3ppuld64-ppu-lv2-prx-libgen.read.1.tlog
c:\users\pc user\dropbox\ps3\vsh_hook\vsh_hook\ps3_debug\vsh_hook.tlog\ps3ppuld64-ppu-lv2-prx-libgen.write.1.tlog
c:\users\pc user\dropbox\ps3\vsh_hook\vsh_hook\ps3_debug\vsh_hook.tlog\ps3ppuld64.command.1.tlog
c:\users\pc user\dropbox\ps3\vsh_hook\vsh_hook\ps3_debug\vsh_hook.tlog\ps3ppuld64.read.1.tlog
c:\users\pc user\dropbox\ps3\vsh_hook\vsh_hook\ps3_debug\vsh_hook.tlog\ps3ppuld64.write.1.tlog
c:\users\pc user\dropbox\ps3\vsh_hook\vsh_hook\ps3_debug\vsh_hook.tlog\ps3ppusnc.command.1.tlog
c:\users\pc user\dropbox\ps3\vsh_hook\vsh_hook\ps3_debug\vsh_hook.tlog\ps3ppusnc.read.1.tlog
c:\users\pc user\dropbox\ps3\vsh_hook\vsh_hook\ps3_debug\vsh_hook.tlog\ps3ppusnc.write.1.tlog
